<?xml version="1.0" encoding="UTF-8"?>
<!-- Generated by org.testng.reporters.JUnitReportReporter -->
<testsuite hostname="Rani_Shavari" failures="0" tests="3" name="com.seleniumGrid.ParallelTest" time="124.505" errors="0" timestamp="2025-09-20T21:35:21 GMT+08:00" skipped="0">
  <testcase classname="com.seleniumGrid.ParallelTest" name="crossBrowserTesting" time="25.208"/>
  <testcase classname="com.seleniumGrid.ParallelTest" name="crossBrowserTesting" time="53.673"/>
  <testcase classname="com.seleniumGrid.ParallelTest" name="crossBrowserTesting" time="45.624"/>
</testsuite> <!-- com.seleniumGrid.ParallelTest -->
